<?xml version="1.0" encoding="UTF-8"?>
<!-- Generated by org.testng.reporters.JUnitReportReporter -->
<testsuite skipped="0" hostname="DESKTOP-9H7G861" name="Test.MessagePageText" tests="1" failures="0" timestamp="18 Jul 2020 16:59:15 GMT" time="39.521" errors="0">
  <testcase name="addChannelTest" time="39.521" classname="Test.MessagePageText"/>
</testsuite> <!-- Test.MessagePageText -->
