<?xml version="1.0" encoding="UTF-8"?>
<!-- Generated by org.testng.reporters.JUnitReportReporter -->
<testsuite skipped="0" hostname="DESKTOP-9H7G861" name="Test.ChannelPageTest" tests="1" failures="0" timestamp="21 Jul 2020 01:29:24 GMT" time="32.988" errors="0">
  <testcase name="addChannelTest" time="32.988" classname="Test.ChannelPageTest"/>
</testsuite> <!-- Test.ChannelPageTest -->
