<?xml version="1.0" encoding="UTF-8"?>
<!-- Generated by org.testng.reporters.JUnitReportReporter -->
<testsuite skipped="0" hostname="DESKTOP-9H7G861" name="Test.SkipPageTest" tests="1" failures="0" timestamp="28 Jul 2020 02:51:37 GMT" time="35.966" errors="0">
  <testcase name="skipPageTest" time="35.966" classname="Test.SkipPageTest"/>
</testsuite> <!-- Test.SkipPageTest -->
