<?xml version="1.0" encoding="UTF-8"?>
<!-- Generated by org.testng.reporters.JUnitReportReporter -->
<testsuite skipped="0" hostname="DESKTOP-9H7G861" name="Test.SigningPageTest" tests="1" failures="0" timestamp="21 Jul 2020 01:29:24 GMT" time="12.917" errors="0">
  <testcase name="signingTest" time="12.917" classname="Test.SigningPageTest"/>
</testsuite> <!-- Test.SigningPageTest -->
