<?xml version="1.0" encoding="UTF-8"?>
<!-- Generated by org.testng.reporters.JUnitReportReporter -->
<testsuite skipped="0" hostname="DESKTOP-9H7G861" name="Test.SeliniumPageTest" tests="1" failures="0" timestamp="18 Jul 2020 17:49:18 GMT" time="46.400" errors="0">
  <testcase name="addChannelTest" time="46.400" classname="Test.SeliniumPageTest"/>
</testsuite> <!-- Test.SeliniumPageTest -->
